Using pre-set license
Built from '2020.3/release' branch; Version is '2020.3.2f1 (8fd9074bf66c) revision 9427207'; Using compiler version '192528614'; Build Type 'Release'
OS: 'Windows 10 Education; OS build 19042.804; Version 2009; 64bit' Language: 'en' Physical Memory: 8108 MB
BatchMode: 1, IsHumanControllingUs: 0, StartBugReporterOnCrash: 0, Is64bit: 1, IsPro: 0

 COMMAND LINE ARGUMENTS:
C:\Program Files\Unity\Hub\Editor\2019.4.19f1\Editor\Unity.exe
-adb2
-batchMode
-noUpm
-name
AssetImportWorker0
-projectPath
C:/Users/nwesh/Documents/CPSC_Courses/CPSC236/CPSC236_SP21_ASSIGNMENT4/2D Platformer
-logFile
Logs/AssetImportWorker0.log
-srvPort
59085
Successfully changed project path to: C:/Users/nwesh/Documents/CPSC_Courses/CPSC236/CPSC236_SP21_ASSIGNMENT4/2D Platformer
C:/Users/nwesh/Documents/CPSC_Courses/CPSC236/CPSC236_SP21_ASSIGNMENT4/2D Platformer
Using Asset Import Pipeline V2.
Refreshing native plugins compatible for Editor in 94.40 ms, found 1 plugins.
Preloading 0 native plugins for Editor in 0.00 ms.
Initialize engine version: 2020.3.2f1 (8fd9074bf66c)
[Subsystems] Discovering subsystems at path C:/Program Files/Unity/Hub/Editor/2019.4.19f1/Editor/Data/Resources/UnitySubsystems
[Subsystems] Discovering subsystems at path C:/Users/nwesh/Documents/CPSC_Courses/CPSC236/CPSC236_SP21_ASSIGNMENT4/2D Platformer/Assets
GfxDevice: creating device client; threaded=0
Direct3D:
    Version:  Direct3D 11.0 [level 11.1]
    Renderer: Intel(R) UHD Graphics 620 (ID=0x5917)
    Vendor:   
    VRAM:     4054 MB
    Driver:   26.20.100.7637
Initialize mono
Mono path[0] = 'C:/Program Files/Unity/Hub/Editor/2019.4.19f1/Editor/Data/Managed'
Mono path[1] = 'C:/Program Files/Unity/Hub/Editor/2019.4.19f1/Editor/Data/MonoBleedingEdge/lib/mono/unityjit'
Mono config path = 'C:/Program Files/Unity/Hub/Editor/2019.4.19f1/Editor/Data/MonoBleedingEdge/etc'
Using monoOptions --debugger-agent=transport=dt_socket,embedding=1,server=y,suspend=n,address=127.0.0.1:56488
Begin MonoManager ReloadAssembly
Registering precompiled unity dll's ...
Register platform support module: C:/Program Files/Unity/Hub/Editor/2019.4.19f1/Editor/Data/PlaybackEngines/WindowsStandaloneSupport/UnityEditor.WindowsStandalone.Extensions.dll
Registered in 0.005900 seconds.
Native extension for WindowsStandalone target not found
Refreshing native plugins compatible for Editor in 93.18 ms, found 1 plugins.
Preloading 0 native plugins for Editor in 0.00 ms.
Invoked RoslynAnalysisRunner static constructor.
RoslynAnalysisRunner will not be running.
RoslynAnalysisRunner has terminated.
Mono: successfully reloaded assembly
- Completed reload, in  2.810 seconds
Platform modules already initialized, skipping
Registering precompiled user dll's ...
Registered in 0.002805 seconds.
Begin MonoManager ReloadAssembly
Native extension for WindowsStandalone target not found
Refreshing native plugins compatible for Editor in 94.99 ms, found 1 plugins.
Preloading 0 native plugins for Editor in 0.00 ms.
Invoked RoslynAnalysisRunner static constructor.
RoslynAnalysisRunner will not be running.
RoslynAnalysisRunner has terminated.
Mono: successfully reloaded assembly
- Completed reload, in  2.501 seconds
Platform modules already initialized, skipping
========================================================================
Worker process is ready to serve import requests
Launched and connected shader compiler UnityShaderCompiler.exe after 0.12 seconds
Refreshing native plugins compatible for Editor in 0.70 ms, found 1 plugins.
Preloading 0 native plugins for Editor in 0.00 ms.
Unloading 1808 Unused Serialized files (Serialized files now loaded: 0)
System memory in use before: 85.3 MB.
System memory in use after: 85.3 MB.

Unloading 24 unused Assets to reduce memory usage. Loaded Objects now: 2250.
Total: 5.942200 ms (FindLiveObjects: 0.509000 ms CreateObjectMapping: 0.204200 ms MarkObjects: 4.849500 ms  DeleteObjects: 0.374800 ms)

========================================================================
Received Import Request.
  path: Assets
  artifactKey: Guid(00000000000000001000000000000000) Importer(815301076,1909f56bfc062723c751e8b465ee728b)
Start importing Assets using Guid(00000000000000001000000000000000) Importer(815301076,1909f56bfc062723c751e8b465ee728b)  -> (artifact id: '16196e537cae15fa0b2eb90ed46df4b9') in 0.038609 seconds
  Import took 0.050946 seconds .

========================================================================
Received Import Request.
  Time since last request: 0.001018 seconds.
  path: Assets/Animations
  artifactKey: Guid(ac3eef663ce18104fb4e3283eaa06d6b) Importer(815301076,1909f56bfc062723c751e8b465ee728b)
Start importing Assets/Animations using Guid(ac3eef663ce18104fb4e3283eaa06d6b) Importer(815301076,1909f56bfc062723c751e8b465ee728b)  -> (artifact id: '279191cfed2699f433134383c0e343d4') in 0.027044 seconds
  Import took 0.037702 seconds .

========================================================================
Received Import Request.
  Time since last request: 4.154705 seconds.
  path: Assets/Scripts
  artifactKey: Guid(adaebfd3336db434f9ff96511a714c41) Importer(815301076,1909f56bfc062723c751e8b465ee728b)
Start importing Assets/Scripts using Guid(adaebfd3336db434f9ff96511a714c41) Importer(815301076,1909f56bfc062723c751e8b465ee728b)  -> (artifact id: '52ff0f4485d232f5d3efde257539e27c') in 0.024927 seconds
  Import took 0.032731 seconds .

========================================================================
Received Import Request.
  Time since last request: 7.159730 seconds.
  path: Assets/Sprites
  artifactKey: Guid(28394474b907f51489289ea688b892ed) Importer(815301076,1909f56bfc062723c751e8b465ee728b)
Start importing Assets/Sprites using Guid(28394474b907f51489289ea688b892ed) Importer(815301076,1909f56bfc062723c751e8b465ee728b)  -> (artifact id: '512e0abdc773e7b65020f9bc422e3884') in 0.024715 seconds
  Import took 0.033116 seconds .

========================================================================
Received Import Request.
  Time since last request: 5.876606 seconds.
  path: Assets/Tilemaps
  artifactKey: Guid(25c40be2a57cb0449a655acdcf9039d5) Importer(815301076,1909f56bfc062723c751e8b465ee728b)
Start importing Assets/Tilemaps using Guid(25c40be2a57cb0449a655acdcf9039d5) Importer(815301076,1909f56bfc062723c751e8b465ee728b)  -> (artifact id: '8d484f26288d7f54f38e9b4544b82068') in 0.037524 seconds
  Import took 0.052654 seconds .

========================================================================
Received Import Request.
  Time since last request: 925.026168 seconds.
  path: Assets/Sprites/nature-paltformer-tileset-16x16.png
  artifactKey: Guid(27d258565d42caf4da6550c829aacdc0) Importer(815301076,1909f56bfc062723c751e8b465ee728b)
Start importing Assets/Sprites/nature-paltformer-tileset-16x16.png using Guid(27d258565d42caf4da6550c829aacdc0) Importer(815301076,1909f56bfc062723c751e8b465ee728b)  -> (artifact id: '948a2e9cbb02b9ff9bfa370a11b594b3') in 0.243705 seconds
  Import took 0.248403 seconds .

========================================================================
Received Import Request.
  Time since last request: 54.568592 seconds.
  path: Assets/Sprites/nature-paltformer-tileset-16x16.png
  artifactKey: Guid(27d258565d42caf4da6550c829aacdc0) Importer(815301076,1909f56bfc062723c751e8b465ee728b)
Start importing Assets/Sprites/nature-paltformer-tileset-16x16.png using Guid(27d258565d42caf4da6550c829aacdc0) Importer(815301076,1909f56bfc062723c751e8b465ee728b)  -> (artifact id: 'e701bed29c97a766405a7d0230ac8b2d') in 0.030557 seconds
  Import took 0.035433 seconds .

========================================================================
Received Import Request.
  Time since last request: 65.479158 seconds.
  path: Assets/Sprites/nature-paltformer-tileset-16x16.png
  artifactKey: Guid(27d258565d42caf4da6550c829aacdc0) Importer(815301076,1909f56bfc062723c751e8b465ee728b)
Start importing Assets/Sprites/nature-paltformer-tileset-16x16.png using Guid(27d258565d42caf4da6550c829aacdc0) Importer(815301076,1909f56bfc062723c751e8b465ee728b)  -> (artifact id: 'de37cf9ad103f9c07547303e50ef3466') in 0.298552 seconds
  Import took 0.308720 seconds .

========================================================================
Received Import Request.
  Time since last request: 23446.300157 seconds.
  path: ProjectSettings/TagManager.asset
  artifactKey: Guid(00000000000000003000000000000000) Importer(815301076,1909f56bfc062723c751e8b465ee728b)
Start importing ProjectSettings/TagManager.asset using Guid(00000000000000003000000000000000) Importer(815301076,1909f56bfc062723c751e8b465ee728b)  -> (artifact id: '2cc397ab82488b3e571e2c231338dd5e') in 0.086083 seconds
  Import took 0.109543 seconds .

========================================================================
Received Import Request.
  Time since last request: 0.006209 seconds.
  path: ProjectSettings/TagManager.asset
  artifactKey: Guid(00000000000000003000000000000000) Importer(815301076,1909f56bfc062723c751e8b465ee728b)
Start importing ProjectSettings/TagManager.asset using Guid(00000000000000003000000000000000) Importer(815301076,1909f56bfc062723c751e8b465ee728b)  -> (artifact id: '2cc397ab82488b3e571e2c231338dd5e') in 0.024037 seconds
  Import took 0.038850 seconds .

========================================================================
Received Prepare
Registering precompiled user dll's ...
Registered in 0.004353 seconds.
Begin MonoManager ReloadAssembly
Native extension for WindowsStandalone target not found
Refreshing native plugins compatible for Editor in 0.85 ms, found 1 plugins.
Preloading 0 native plugins for Editor in 0.00 ms.
Invoked RoslynAnalysisRunner static constructor.
RoslynAnalysisRunner will not be running.
RoslynAnalysisRunner has terminated.
Mono: successfully reloaded assembly
- Completed reload, in  2.575 seconds
Platform modules already initialized, skipping
Refreshing native plugins compatible for Editor in 0.99 ms, found 1 plugins.
Preloading 0 native plugins for Editor in 0.00 ms.
Unloading 1803 Unused Serialized files (Serialized files now loaded: 0)
System memory in use before: 88.4 MB.
System memory in use after: 88.4 MB.

Unloading 14 unused Assets to reduce memory usage. Loaded Objects now: 2262.
Total: 7.915400 ms (FindLiveObjects: 0.708100 ms CreateObjectMapping: 0.299700 ms MarkObjects: 6.451500 ms  DeleteObjects: 0.451600 ms)

========================================================================
Received Import Request.
  Time since last request: 240.120138 seconds.
  path: Assets/Sprites/Dude_Monster_Idle_4.png
  artifactKey: Guid(32b3aa6803e5a8549b8f56937877fe8a) Importer(815301076,1909f56bfc062723c751e8b465ee728b)
Start importing Assets/Sprites/Dude_Monster_Idle_4.png using Guid(32b3aa6803e5a8549b8f56937877fe8a) Importer(815301076,1909f56bfc062723c751e8b465ee728b)  -> (artifact id: '5d48c75237afc700d8920586e00b55b5') in 0.148328 seconds
  Import took 0.156562 seconds .

========================================================================
Received Import Request.
  Time since last request: 29.640883 seconds.
  path: Assets/Sprites/Dude_Monster_Idle_4.png
  artifactKey: Guid(32b3aa6803e5a8549b8f56937877fe8a) Importer(815301076,1909f56bfc062723c751e8b465ee728b)
Start importing Assets/Sprites/Dude_Monster_Idle_4.png using Guid(32b3aa6803e5a8549b8f56937877fe8a) Importer(815301076,1909f56bfc062723c751e8b465ee728b)  -> (artifact id: 'c4784b4fc68f5b470b43c54a304fc114') in 0.035503 seconds
  Import took 0.043358 seconds .

========================================================================
Received Import Request.
  Time since last request: 0.021245 seconds.
  path: Assets/Sprites/Dude_Monster_Idle_4.png
  artifactKey: Guid(32b3aa6803e5a8549b8f56937877fe8a) Importer(815301076,1909f56bfc062723c751e8b465ee728b)
Start importing Assets/Sprites/Dude_Monster_Idle_4.png using Guid(32b3aa6803e5a8549b8f56937877fe8a) Importer(815301076,1909f56bfc062723c751e8b465ee728b)  -> (artifact id: 'c4784b4fc68f5b470b43c54a304fc114') in 0.026303 seconds
  Import took 0.035293 seconds .

========================================================================
Received Import Request.
  Time since last request: 19.342853 seconds.
  path: Assets/Sprites/Dude_Monster_Idle_4.png
  artifactKey: Guid(32b3aa6803e5a8549b8f56937877fe8a) Importer(815301076,1909f56bfc062723c751e8b465ee728b)
Start importing Assets/Sprites/Dude_Monster_Idle_4.png using Guid(32b3aa6803e5a8549b8f56937877fe8a) Importer(815301076,1909f56bfc062723c751e8b465ee728b)  -> (artifact id: '829baf08084abd7badcc19a767bb0c65') in 0.056185 seconds
  Import took 0.064266 seconds .

========================================================================
Received Import Request.
  Time since last request: 333.808534 seconds.
  path: Assets/Sprites/Slippery.physicsMaterial2D
  artifactKey: Guid(9aee247d54697284eb71d5491f35cb28) Importer(815301076,1909f56bfc062723c751e8b465ee728b)
Start importing Assets/Sprites/Slippery.physicsMaterial2D using Guid(9aee247d54697284eb71d5491f35cb28) Importer(815301076,1909f56bfc062723c751e8b465ee728b)  -> (artifact id: '84fdae368ecf6bed3866b47c2ccc060a') in 0.064698 seconds
  Import took 0.083416 seconds .

========================================================================
Received Import Request.
  Time since last request: 0.008859 seconds.
  path: Assets/Sprites/Slippery.physicsMaterial2D
  artifactKey: Guid(9aee247d54697284eb71d5491f35cb28) Importer(815301076,1909f56bfc062723c751e8b465ee728b)
Start importing Assets/Sprites/Slippery.physicsMaterial2D using Guid(9aee247d54697284eb71d5491f35cb28) Importer(815301076,1909f56bfc062723c751e8b465ee728b)  -> (artifact id: '84fdae368ecf6bed3866b47c2ccc060a') in 0.014895 seconds
  Import took 0.023981 seconds .

========================================================================
Received Import Request.
  Time since last request: 70.216693 seconds.
  path: Assets/Slippery.physicsMaterial2D
  artifactKey: Guid(9aee247d54697284eb71d5491f35cb28) Importer(815301076,1909f56bfc062723c751e8b465ee728b)
Start importing Assets/Slippery.physicsMaterial2D using Guid(9aee247d54697284eb71d5491f35cb28) Importer(815301076,1909f56bfc062723c751e8b465ee728b)  -> (artifact id: 'dd05e32857c8a029c3344e8c713e1987') in 0.018806 seconds
  Import took 0.026359 seconds .

========================================================================
Received Prepare
Registering precompiled user dll's ...
Registered in 0.003091 seconds.
Begin MonoManager ReloadAssembly
Native extension for WindowsStandalone target not found
Refreshing native plugins compatible for Editor in 0.78 ms, found 1 plugins.
Preloading 0 native plugins for Editor in 0.00 ms.
Invoked RoslynAnalysisRunner static constructor.
RoslynAnalysisRunner will not be running.
RoslynAnalysisRunner has terminated.
Mono: successfully reloaded assembly
- Completed reload, in  2.555 seconds
Platform modules already initialized, skipping
Refreshing native plugins compatible for Editor in 1.09 ms, found 1 plugins.
Preloading 0 native plugins for Editor in 0.00 ms.
Unloading 1803 Unused Serialized files (Serialized files now loaded: 0)
System memory in use before: 88.4 MB.
System memory in use after: 88.4 MB.

Unloading 12 unused Assets to reduce memory usage. Loaded Objects now: 2271.
Total: 8.475000 ms (FindLiveObjects: 0.509300 ms CreateObjectMapping: 0.273300 ms MarkObjects: 6.846400 ms  DeleteObjects: 0.840800 ms)

========================================================================
Received Prepare
Registering precompiled user dll's ...
Registered in 0.001712 seconds.
Begin MonoManager ReloadAssembly
Native extension for WindowsStandalone target not found
Refreshing native plugins compatible for Editor in 1.69 ms, found 1 plugins.
Preloading 0 native plugins for Editor in 0.00 ms.
Invoked RoslynAnalysisRunner static constructor.
RoslynAnalysisRunner will not be running.
RoslynAnalysisRunner has terminated.
Mono: successfully reloaded assembly
- Completed reload, in  2.995 seconds
Platform modules already initialized, skipping
Refreshing native plugins compatible for Editor in 2.54 ms, found 1 plugins.
Preloading 0 native plugins for Editor in 0.00 ms.
Unloading 1804 Unused Serialized files (Serialized files now loaded: 0)
System memory in use before: 88.5 MB.
System memory in use after: 88.5 MB.

Unloading 12 unused Assets to reduce memory usage. Loaded Objects now: 2276.
Total: 11.711300 ms (FindLiveObjects: 1.068600 ms CreateObjectMapping: 0.521300 ms MarkObjects: 9.222300 ms  DeleteObjects: 0.889900 ms)

========================================================================
Received Import Request.
  Time since last request: 399.124698 seconds.
  path: Assets/Scripts/PlayerMovement.cs
  artifactKey: Guid(76499d36fcdb8b049b9671879cf29cc0) Importer(815301076,1909f56bfc062723c751e8b465ee728b)
Start importing Assets/Scripts/PlayerMovement.cs using Guid(76499d36fcdb8b049b9671879cf29cc0) Importer(815301076,1909f56bfc062723c751e8b465ee728b)  -> (artifact id: '1cbef85c5a30d88bc06db39876e29cf7') in 0.053946 seconds
  Import took 0.063742 seconds .

========================================================================
Received Prepare
Registering precompiled user dll's ...
Registered in 0.002923 seconds.
Begin MonoManager ReloadAssembly
Native extension for WindowsStandalone target not found
Refreshing native plugins compatible for Editor in 0.50 ms, found 1 plugins.
Preloading 0 native plugins for Editor in 0.00 ms.
Invoked RoslynAnalysisRunner static constructor.
RoslynAnalysisRunner will not be running.
RoslynAnalysisRunner has terminated.
Mono: successfully reloaded assembly
- Completed reload, in  2.220 seconds
Platform modules already initialized, skipping
Refreshing native plugins compatible for Editor in 0.54 ms, found 1 plugins.
Preloading 0 native plugins for Editor in 0.00 ms.
Unloading 1805 Unused Serialized files (Serialized files now loaded: 0)
System memory in use before: 88.6 MB.
System memory in use after: 88.5 MB.

Unloading 12 unused Assets to reduce memory usage. Loaded Objects now: 2281.
Total: 6.228300 ms (FindLiveObjects: 0.486300 ms CreateObjectMapping: 0.186300 ms MarkObjects: 5.355600 ms  DeleteObjects: 0.197800 ms)

========================================================================
Received Prepare
Registering precompiled user dll's ...
Registered in 0.001889 seconds.
Begin MonoManager ReloadAssembly
Native extension for WindowsStandalone target not found
Refreshing native plugins compatible for Editor in 1.21 ms, found 1 plugins.
Preloading 0 native plugins for Editor in 0.00 ms.
Invoked RoslynAnalysisRunner static constructor.
RoslynAnalysisRunner will not be running.
RoslynAnalysisRunner has terminated.
Mono: successfully reloaded assembly
- Completed reload, in  3.340 seconds
Platform modules already initialized, skipping
Refreshing native plugins compatible for Editor in 0.80 ms, found 1 plugins.
Preloading 0 native plugins for Editor in 0.00 ms.
Unloading 1805 Unused Serialized files (Serialized files now loaded: 0)
System memory in use before: 88.6 MB.
System memory in use after: 88.5 MB.

Unloading 12 unused Assets to reduce memory usage. Loaded Objects now: 2285.
Total: 5.780700 ms (FindLiveObjects: 0.419800 ms CreateObjectMapping: 0.173100 ms MarkObjects: 4.876400 ms  DeleteObjects: 0.308200 ms)

========================================================================
Received Import Request.
  Time since last request: 42.555152 seconds.
  path: Assets/Scripts/PlayerMovement.cs
  artifactKey: Guid(76499d36fcdb8b049b9671879cf29cc0) Importer(815301076,1909f56bfc062723c751e8b465ee728b)
Start importing Assets/Scripts/PlayerMovement.cs using Guid(76499d36fcdb8b049b9671879cf29cc0) Importer(815301076,1909f56bfc062723c751e8b465ee728b)  -> (artifact id: '3e68ca6618c260b1271e847576be8b66') in 0.021462 seconds
  Import took 0.030921 seconds .

========================================================================
Received Prepare
Registering precompiled user dll's ...
Registered in 0.001929 seconds.
Begin MonoManager ReloadAssembly
Native extension for WindowsStandalone target not found
Refreshing native plugins compatible for Editor in 0.76 ms, found 1 plugins.
Preloading 0 native plugins for Editor in 0.00 ms.
Invoked RoslynAnalysisRunner static constructor.
RoslynAnalysisRunner will not be running.
RoslynAnalysisRunner has terminated.
Mono: successfully reloaded assembly
- Completed reload, in  2.140 seconds
Platform modules already initialized, skipping
Refreshing native plugins compatible for Editor in 1.11 ms, found 1 plugins.
Preloading 0 native plugins for Editor in 0.00 ms.
Unloading 1805 Unused Serialized files (Serialized files now loaded: 0)
System memory in use before: 88.6 MB.
System memory in use after: 88.6 MB.

Unloading 12 unused Assets to reduce memory usage. Loaded Objects now: 2289.
Total: 7.988800 ms (FindLiveObjects: 0.500200 ms CreateObjectMapping: 0.271800 ms MarkObjects: 6.705300 ms  DeleteObjects: 0.506200 ms)

========================================================================
Received Prepare
Registering precompiled user dll's ...
Registered in 0.004799 seconds.
Begin MonoManager ReloadAssembly
Native extension for WindowsStandalone target not found
Refreshing native plugins compatible for Editor in 0.78 ms, found 1 plugins.
Preloading 0 native plugins for Editor in 0.00 ms.
Invoked RoslynAnalysisRunner static constructor.
RoslynAnalysisRunner will not be running.
RoslynAnalysisRunner has terminated.
Mono: successfully reloaded assembly
- Completed reload, in  2.377 seconds
Platform modules already initialized, skipping
Refreshing native plugins compatible for Editor in 0.84 ms, found 1 plugins.
Preloading 0 native plugins for Editor in 0.00 ms.
Unloading 1805 Unused Serialized files (Serialized files now loaded: 0)
System memory in use before: 88.6 MB.
System memory in use after: 88.6 MB.

Unloading 12 unused Assets to reduce memory usage. Loaded Objects now: 2293.
Total: 8.685500 ms (FindLiveObjects: 0.433600 ms CreateObjectMapping: 0.186400 ms MarkObjects: 7.731900 ms  DeleteObjects: 0.329900 ms)

AssetImportWorkerClient::OnTransportError - code=2 error=End of file
